#
# A fatal error has been detected by the Java Runtime Environment:
#
#  Internal Error (javaClasses.cpp:126), pid=10048, tid=6300
#  fatal error: Invalid layout of preloaded class
#
# JRE version:  (8.0_25-b18) (build )
# Java VM: Java HotSpot(TM) 64-Bit Server VM (25.25-b02 mixed mode windows-amd64 compressed oops)
# Failed to write core dump. Minidumps are not enabled by default on client versions of Windows
#
# If you would like to submit a bug report, please visit:
#   http://bugreport.sun.com/bugreport/crash.jsp
#

---------------  T H R E A D  ---------------

Current thread (0x0000000002432800):  JavaThread "Unknown thread" [_thread_in_vm, id=6300, stack(0x00000000022e0000,0x00000000023e0000)]

Stack: [0x00000000022e0000,0x00000000023e0000]
Native frames: (J=compiled Java code, j=interpreted, Vv=VM code, C=native code)
V  [jvm.dll+0x31667a]
V  [jvm.dll+0x267073]
V  [jvm.dll+0x267cb3]
V  [jvm.dll+0x25f536]
V  [jvm.dll+0x5e773]
V  [jvm.dll+0x5e863]
V  [jvm.dll+0x731ca]
V  [jvm.dll+0x73528]
V  [jvm.dll+0xe48b7]
V  [jvm.dll+0xe4c46]
V  [jvm.dll+0x1f9ae7]
V  [jvm.dll+0x22b2e4]
V  [jvm.dll+0x14d571]
C  [javaw.exe+0x20c6]
C  [javaw.exe+0xc9eb]
C  [javaw.exe+0xca7f]
C  [KERNEL32.DLL+0x16ad]
C  [ntdll.dll+0x54409]


---------------  P R O C E S S  ---------------

Java Threads: ( => current thread )

Other Threads:

=>0x0000000002432800 (exited) JavaThread "Unknown thread" [_thread_in_vm, id=6300, stack(0x00000000022e0000,0x00000000023e0000)]

VM state:not at safepoint (not fully initialized)

VM Mutex/Monitor currently owned by a thread: None

GC Heap History (0 events):
No events

Deoptimization events (0 events):
No events

Internal exceptions (0 events):
No events

Events (10 events):
Event: 0.013 loading class java/lang/CharSequence done
Event: 0.013 loading class java/lang/String done
Event: 0.013 loading class java/lang/Class
Event: 0.013 loading class java/lang/reflect/AnnotatedElement
Event: 0.013 loading class java/lang/reflect/AnnotatedElement done
Event: 0.013 loading class java/lang/reflect/GenericDeclaration
Event: 0.013 loading class java/lang/reflect/GenericDeclaration done
Event: 0.013 loading class java/lang/reflect/Type
Event: 0.013 loading class java/lang/reflect/Type done
Event: 0.013 loading class java/lang/Class done


Dynamic libraries:
0x00007ff60a7d0000 - 0x00007ff60a804000 	C:\Program Files\Java\jre1.8.0_25\bin\javaw.exe
0x00007fff14c70000 - 0x00007fff14e16000 	C:\Windows\SYSTEM32\ntdll.dll
0x00007fff12690000 - 0x00007fff127ca000 	C:\Windows\system32\KERNEL32.DLL
0x00007fff12110000 - 0x00007fff1221f000 	C:\Windows\system32\KERNELBASE.dll
0x00007fff10b60000 - 0x00007fff10be8000 	C:\Windows\system32\apphelp.dll
0x00007fff03e00000 - 0x00007fff03e4f000 	C:\Windows\AppPatch\AppPatch64\AcGenral.DLL
0x00007fff127f0000 - 0x00007fff12897000 	C:\Windows\system32\msvcrt.dll
0x00007fff11e50000 - 0x00007fff11e7b000 	C:\Windows\SYSTEM32\SspiCli.dll
0x00007fff12e30000 - 0x00007fff12e81000 	C:\Windows\system32\SHLWAPI.dll
0x00007fff12f40000 - 0x00007fff130b1000 	C:\Windows\system32\USER32.dll
0x00007fff12cb0000 - 0x00007fff12e28000 	C:\Windows\system32\ole32.dll
0x00007fff13660000 - 0x00007fff14a6f000 	C:\Windows\system32\SHELL32.dll
0x00007fff11600000 - 0x00007fff1161e000 	C:\Windows\SYSTEM32\USERENV.dll
0x00007fff12500000 - 0x00007fff125a5000 	C:\Windows\system32\ADVAPI32.dll
0x00007fff02bc0000 - 0x00007fff02bdb000 	C:\Windows\SYSTEM32\MPR.dll
0x00007fff12a50000 - 0x00007fff12b87000 	C:\Windows\system32\RPCRT4.dll
0x00007fff129f0000 - 0x00007fff12a47000 	C:\Windows\SYSTEM32\sechost.dll
0x00007fff132a0000 - 0x00007fff13476000 	C:\Windows\SYSTEM32\combase.dll
0x00007fff128a0000 - 0x00007fff129e4000 	C:\Windows\system32\GDI32.dll
0x00007fff11ff0000 - 0x00007fff12004000 	C:\Windows\SYSTEM32\profapi.dll
0x00007fff10bf0000 - 0x00007fff10c8f000 	C:\Windows\SYSTEM32\SHCORE.dll
0x00007fff12c70000 - 0x00007fff12ca4000 	C:\Windows\system32\IMM32.DLL
0x00007fff130c0000 - 0x00007fff131f9000 	C:\Windows\system32\MSCTF.dll
0x00007fff10470000 - 0x00007fff106ca000 	C:\Windows\WinSxS\amd64_microsoft.windows.common-controls_6595b64144ccf1df_6.0.9600.17031_none_6242a4b3ecbb55a1\COMCTL32.dll
0x0000000057620000 - 0x00000000576f2000 	C:\Program Files\Java\jre1.8.0_25\bin\msvcr100.dll
0x0000000056bd0000 - 0x000000005742a000 	C:\Program Files\Java\jre1.8.0_25\bin\server\jvm.dll
0x00007fff0c110000 - 0x00007fff0c119000 	C:\Windows\SYSTEM32\WSOCK32.dll
0x00007fff0fa10000 - 0x00007fff0fa2f000 	C:\Windows\SYSTEM32\WINMM.dll
0x00007fff127e0000 - 0x00007fff127e7000 	C:\Windows\system32\PSAPI.DLL
0x00007fff12b90000 - 0x00007fff12be8000 	C:\Windows\system32\WS2_32.dll
0x00007fff0d5e0000 - 0x00007fff0d60a000 	C:\Windows\SYSTEM32\WINMMBASE.dll
0x00007fff12bf0000 - 0x00007fff12bf9000 	C:\Windows\system32\NSI.dll
0x00007fff12220000 - 0x00007fff1226a000 	C:\Windows\SYSTEM32\cfgmgr32.dll
0x00007fff10e70000 - 0x00007fff10e96000 	C:\Windows\SYSTEM32\DEVOBJ.dll
0x0000000057610000 - 0x000000005761f000 	C:\Program Files\Java\jre1.8.0_25\bin\verify.dll
0x00000000575e0000 - 0x0000000057608000 	C:\Program Files\Java\jre1.8.0_25\bin\java.dll
0x00000000575c0000 - 0x00000000575d6000 	C:\Program Files\Java\jre1.8.0_25\bin\zip.dll
0x00007fff0ebc0000 - 0x00007fff0ed48000 	C:\Windows\SYSTEM32\dbghelp.dll

VM Arguments:
jvm_args: -ea -Dfile.encoding=Cp1252 -Xbootclasspath:C:\Users\Fintan\Desktop\Everything\Fintan Eclipse\sdk\platforms\android-19\android.jar 
java_command: org.eclipse.jdt.internal.junit.runner.RemoteTestRunner -version 3 -port 62460 -testLoaderClass org.eclipse.jdt.internal.junit4.runner.JUnit4TestLoader -loaderpluginname org.eclipse.jdt.junit4.runtime -classNames cs2114.mazesolver.MazeTest
java_class_path (initial): E:\Transfer Folder\Eclipse Workspace\MazeSolver\bin\classes;E:\Transfer Folder\Eclipse Workspace\MazeSolver\libs\android-support-v4.jar;E:\Transfer Folder\Eclipse Workspace\MazeSolver\libs\mazesolver-classes.jar;E:\Transfer Folder\Eclipse Workspace\Sofia-Support\libs\student.jar;E:\Transfer Folder\Eclipse Workspace\Sofia-Support\libs\sofia-with-dependencies.jar;E:\Transfer Folder\Eclipse Workspace\Sofia-Support\bin\sofia-support.jar;E:\Transfer Folder\Eclipse Workspace\CS2114-Support\junit-4.7.jar;E:\Transfer Folder\Eclipse Workspace\CS2114-Support\student.jar;E:\Transfer Folder\Eclipse Workspace\MazeSolver\libs;/C:/Users/Fintan/Desktop/Everything/Fintan Eclipse/eclipse/configuration/org.eclipse.osgi/205/0/.cp/;/C:/Users/Fintan/Desktop/Everything/Fintan Eclipse/eclipse/configuration/org.eclipse.osgi/204/0/.cp/
Launcher Type: SUN_STANDARD

Environment Variables:
JAVA_HOME=C:\Java\jdk1.8.0_25
PATH=C:\Program Files (x86)\NVIDIA Corporation\PhysX\Common;C:\ProgramData\Oracle\Java\javapath;c:\Program Files (x86)\Intel\iCLS Client\;c:\Program Files\Intel\iCLS Client\;C:\Windows\system32;C:\Windows;C:\Windows\System32\Wbem;C:\Windows\System32\WindowsPowerShell\v1.0\;C:\Program Files\Intel\Intel(R) Management Engine Components\DAL;C:\Program Files\Intel\Intel(R) Management Engine Components\IPT;C:\Program Files (x86)\Intel\Intel(R) Management Engine Components\DAL;C:\Program Files (x86)\Intel\Intel(R) Management Engine Components\IPT;C:\Program Files\Intel\WiFi\bin\;C:\Program Files\Common Files\Intel\WirelessCommon\;C:\MATLAB\R2014a\bin
USERNAME=Fintan
OS=Windows_NT
PROCESSOR_IDENTIFIER=Intel64 Family 6 Model 60 Stepping 3, GenuineIntel



---------------  S Y S T E M  ---------------

OS: Windows 8.1 , 64 bit Build 9600 

CPU:total 8 (4 cores per cpu, 2 threads per core) family 6 model 60 stepping 3, cmov, cx8, fxsr, mmx, sse, sse2, sse3, ssse3, sse4.1, sse4.2, popcnt, avx, avx2, aes, clmul, erms, lzcnt, ht, tsc, tscinvbit, bmi1, bmi2

Memory: 4k page, physical 8266776k(1479184k free), swap 11000360k(1397336k free)

vm_info: Java HotSpot(TM) 64-Bit Server VM (25.25-b02) for windows-amd64 JRE (1.8.0_25-b18), built on Oct  7 2014 14:25:37 by "java_re" with MS VC++ 10.0 (VS2010)

time: Wed Oct 22 15:46:56 2014
elapsed time: 0 seconds (0d 0h 0m 0s)

